<?xml version="1.0" encoding="UTF-8" standalone="no"?>
<testsuite failures="0" name="cucumber.runtime.formatter.JUnitFormatter" skipped="0" tests="1" time="37.454145">
<testcase classname="FR Plus  page" name="Test the Frplus login" time="37.454145">
<system-out><![CDATA[Given open chrome...........................................................passed
When user enter valid user name and password................................passed
And click login.............................................................passed
Then User should able to login..............................................passed
And click on fr wallet option...............................................passed
Then close the application..................................................passed
]]></system-out>
</testcase>
</testsuite>
